[debug] ----------------------------------------------------------------------
[debug] Command:      /usr/local/bin/node /usr/local/bin/firebase serve
[debug] CLI Version:  3.2.1
[debug] Platform:     darwin
[debug] Node Version: v6.9.2
[debug] Time:         Wed Jan 11 2017 19:19:40 GMT-0500 (EST)
[debug] ----------------------------------------------------------------------
[debug] 
[info] Starting Firebase development server...
[info] 
[info] Project Directory: /Users/brittanywalker/Desktop/GAGit/Droso
[info] Public Directory: public
[info] 
[info] Server listening at: http://localhost:5000
[debug] ----------------------------------------------------------------------
[debug] Command:      /usr/local/bin/node /usr/local/bin/firebase serve
[debug] CLI Version:  3.2.1
[debug] Platform:     darwin
[debug] Node Version: v6.9.2
[debug] Time:         Mon Jan 16 2017 13:44:31 GMT-0500 (EST)
[debug] ----------------------------------------------------------------------
[debug] 
[info] Starting Firebase development server...
[info] 
[info] Project Directory: /Users/brittanywalker/Desktop/GAGit/Droso
[info] Public Directory: public
[info] 
[info] Server listening at: http://localhost:5000
[debug] ----------------------------------------------------------------------
[debug] Command:      /usr/local/bin/node /usr/local/bin/firebase serve
[debug] CLI Version:  3.2.1
[debug] Platform:     darwin
[debug] Node Version: v6.9.2
[debug] Time:         Mon Jan 16 2017 13:47:20 GMT-0500 (EST)
[debug] ----------------------------------------------------------------------
[debug] 
[info] Starting Firebase development server...
[info] 
[info] Project Directory: /Users/brittanywalker/Desktop/GAGit/Droso
[info] Public Directory: public
[info] 
[info] Server listening at: http://localhost:5000
